<?xml version="1.0" encoding="UTF-8"?>
<!-- Generated by org.testng.reporters.JUnitXMLReporter -->
<testsuite hostname="DESKTOP-SOL10J7" ignored="0" name="BankingApp test" tests="7" failures="0" timestamp="2022-04-30T23:40:53 IST" time="269.246" errors="0">
  <testcase name="@BeforeClass setup" time="85.185" classname="com.inetbanking.testCases.BaseClass">
    <failure type="org.openqa.selenium.WebDriverException" message="chrome not reachable
Build info: version: &amp;apos;3.141.59&amp;apos;, revision: &amp;apos;e82be7d358&amp;apos;, time: &amp;apos;2018-11-14T08:17:03&amp;apos;
System info: host: &amp;apos;DESKTOP-SOL10J7&amp;apos;, ip: &amp;apos;192.168.1.18&amp;apos;, os.name: &amp;apos;Windows 10&amp;apos;, os.arch: &amp;apos;amd64&amp;apos;, os.version: &amp;apos;10.0&amp;apos;, java.version: &amp;apos;1.8.0_311&amp;apos;
Driver info: driver.version: ChromeDriver
remote stacktrace: Backtrace:
	Ordinal0 [0x00897413+2389011]
	Ordinal0 [0x00829F61+1941345]
	Ordinal0 [0x0071C520+836896]
	Ordinal0 [0x007105AB+787883]
	Ordinal0 [0x0073C128+966952]
	Ordinal0 [0x0073837A+951162]
	Ordinal0 [0x00735C51+941137]
	Ordinal0 [0x00768C80+1150080]
	Ordinal0 [0x007688DA+1149146]
	Ordinal0 [0x00763F66+1130342]
	Ordinal0 [0x0073E546+976198]
	Ordinal0 [0x0073F456+980054]
	GetHandleVerifier [0x00A49632+1727522]
	GetHandleVerifier [0x00AFBA4D+2457661]
	GetHandleVerifier [0x0092EB81+569713]
	GetHandleVerifier [0x0092DD76+566118]
	Ordinal0 [0x00830B2B+1968939]
	Ordinal0 [0x00835988+1989000]
	Ordinal0 [0x00835A75+1989237]
	Ordinal0 [0x0083ECB1+2026673]
	BaseThreadInitThunk [0x7763FA29+25]
	RtlGetAppContainerNamedObjectPath [0x77E27A7E+286]
	RtlGetAppContainerNamedObjectPath [0x77E27A4E+238]
">
      <![CDATA[org.openqa.selenium.WebDriverException: chrome not reachable
Build info: version: '3.141.59', revision: 'e82be7d358', time: '2018-11-14T08:17:03'
System info: host: 'DESKTOP-SOL10J7', ip: '192.168.1.18', os.name: 'Windows 10', os.arch: 'amd64', os.version: '10.0', java.version: '1.8.0_311'
Driver info: driver.version: ChromeDriver
remote stacktrace: Backtrace:
Ordinal0 [0x00897413+2389011]
Ordinal0 [0x00829F61+1941345]
Ordinal0 [0x0071C520+836896]
Ordinal0 [0x007105AB+787883]
Ordinal0 [0x0073C128+966952]
Ordinal0 [0x0073837A+951162]
Ordinal0 [0x00735C51+941137]
Ordinal0 [0x00768C80+1150080]
Ordinal0 [0x007688DA+1149146]
Ordinal0 [0x00763F66+1130342]
Ordinal0 [0x0073E546+976198]
Ordinal0 [0x0073F456+980054]
GetHandleVerifier [0x00A49632+1727522]
GetHandleVerifier [0x00AFBA4D+2457661]
GetHandleVerifier [0x0092EB81+569713]
GetHandleVerifier [0x0092DD76+566118]
Ordinal0 [0x00830B2B+1968939]
Ordinal0 [0x00835988+1989000]
Ordinal0 [0x00835A75+1989237]
Ordinal0 [0x0083ECB1+2026673]
BaseThreadInitThunk [0x7763FA29+25]
RtlGetAppContainerNamedObjectPath [0x77E27A7E+286]
RtlGetAppContainerNamedObjectPath [0x77E27A4E+238]

at org.openqa.selenium.remote.W3CHandshakeResponse.lambda$errorHandler$0(W3CHandshakeResponse.java:62)
at org.openqa.selenium.remote.HandshakeResponse.lambda$getResponseFunction$0(HandshakeResponse.java:30)
at org.openqa.selenium.remote.ProtocolHandshake.lambda$createSession$0(ProtocolHandshake.java:126)
at java.util.stream.ReferencePipeline$3$1.accept(ReferencePipeline.java:193)
at java.util.Spliterators$ArraySpliterator.tryAdvance(Spliterators.java:958)
at java.util.stream.ReferencePipeline.forEachWithCancel(ReferencePipeline.java:126)
at java.util.stream.AbstractPipeline.copyIntoWithCancel(AbstractPipeline.java:499)
at java.util.stream.AbstractPipeline.copyInto(AbstractPipeline.java:486)
at java.util.stream.AbstractPipeline.wrapAndCopyInto(AbstractPipeline.java:472)
at java.util.stream.FindOps$FindOp.evaluateSequential(FindOps.java:152)
at java.util.stream.AbstractPipeline.evaluate(AbstractPipeline.java:234)
at java.util.stream.ReferencePipeline.findFirst(ReferencePipeline.java:464)
at org.openqa.selenium.remote.ProtocolHandshake.createSession(ProtocolHandshake.java:128)
at org.openqa.selenium.remote.ProtocolHandshake.createSession(ProtocolHandshake.java:74)
at org.openqa.selenium.remote.HttpCommandExecutor.execute(HttpCommandExecutor.java:136)
at org.openqa.selenium.remote.service.DriverCommandExecutor.execute(DriverCommandExecutor.java:83)
at org.openqa.selenium.remote.RemoteWebDriver.execute(RemoteWebDriver.java:552)
at org.openqa.selenium.remote.RemoteWebDriver.startSession(RemoteWebDriver.java:213)
at org.openqa.selenium.remote.RemoteWebDriver.<init>(RemoteWebDriver.java:131)
at org.openqa.selenium.chrome.ChromeDriver.<init>(ChromeDriver.java:181)
at org.openqa.selenium.chrome.ChromeDriver.<init>(ChromeDriver.java:168)
at org.openqa.selenium.chrome.ChromeDriver.<init>(ChromeDriver.java:123)
at com.inetbanking.testCases.BaseClass.setup(BaseClass.java:33)
at java.util.ArrayList.forEach(ArrayList.java:1259)
... Removed 32 stack frames]]>
    </failure>
  </testcase> <!-- @BeforeClass setup -->
  <testcase name="@AfterClass teardown" time="-1.651342068792E9" classname="com.inetbanking.testCases.BaseClass">
    <skipped/>
  </testcase> <!-- @AfterClass teardown -->
  <testcase name="@BeforeClass setup" time="89.421" classname="com.inetbanking.testCases.BaseClass">
    <failure type="org.openqa.selenium.WebDriverException" message="chrome not reachable
Build info: version: &amp;apos;3.141.59&amp;apos;, revision: &amp;apos;e82be7d358&amp;apos;, time: &amp;apos;2018-11-14T08:17:03&amp;apos;
System info: host: &amp;apos;DESKTOP-SOL10J7&amp;apos;, ip: &amp;apos;192.168.1.18&amp;apos;, os.name: &amp;apos;Windows 10&amp;apos;, os.arch: &amp;apos;amd64&amp;apos;, os.version: &amp;apos;10.0&amp;apos;, java.version: &amp;apos;1.8.0_311&amp;apos;
Driver info: driver.version: ChromeDriver
remote stacktrace: Backtrace:
	Ordinal0 [0x00897413+2389011]
	Ordinal0 [0x00829F61+1941345]
	Ordinal0 [0x0071C520+836896]
	Ordinal0 [0x007105AB+787883]
	Ordinal0 [0x0073C128+966952]
	Ordinal0 [0x0073837A+951162]
	Ordinal0 [0x00735C51+941137]
	Ordinal0 [0x00768C80+1150080]
	Ordinal0 [0x007688DA+1149146]
	Ordinal0 [0x00763F66+1130342]
	Ordinal0 [0x0073E546+976198]
	Ordinal0 [0x0073F456+980054]
	GetHandleVerifier [0x00A49632+1727522]
	GetHandleVerifier [0x00AFBA4D+2457661]
	GetHandleVerifier [0x0092EB81+569713]
	GetHandleVerifier [0x0092DD76+566118]
	Ordinal0 [0x00830B2B+1968939]
	Ordinal0 [0x00835988+1989000]
	Ordinal0 [0x00835A75+1989237]
	Ordinal0 [0x0083ECB1+2026673]
	BaseThreadInitThunk [0x7763FA29+25]
	RtlGetAppContainerNamedObjectPath [0x77E27A7E+286]
	RtlGetAppContainerNamedObjectPath [0x77E27A4E+238]
">
      <![CDATA[org.openqa.selenium.WebDriverException: chrome not reachable
Build info: version: '3.141.59', revision: 'e82be7d358', time: '2018-11-14T08:17:03'
System info: host: 'DESKTOP-SOL10J7', ip: '192.168.1.18', os.name: 'Windows 10', os.arch: 'amd64', os.version: '10.0', java.version: '1.8.0_311'
Driver info: driver.version: ChromeDriver
remote stacktrace: Backtrace:
Ordinal0 [0x00897413+2389011]
Ordinal0 [0x00829F61+1941345]
Ordinal0 [0x0071C520+836896]
Ordinal0 [0x007105AB+787883]
Ordinal0 [0x0073C128+966952]
Ordinal0 [0x0073837A+951162]
Ordinal0 [0x00735C51+941137]
Ordinal0 [0x00768C80+1150080]
Ordinal0 [0x007688DA+1149146]
Ordinal0 [0x00763F66+1130342]
Ordinal0 [0x0073E546+976198]
Ordinal0 [0x0073F456+980054]
GetHandleVerifier [0x00A49632+1727522]
GetHandleVerifier [0x00AFBA4D+2457661]
GetHandleVerifier [0x0092EB81+569713]
GetHandleVerifier [0x0092DD76+566118]
Ordinal0 [0x00830B2B+1968939]
Ordinal0 [0x00835988+1989000]
Ordinal0 [0x00835A75+1989237]
Ordinal0 [0x0083ECB1+2026673]
BaseThreadInitThunk [0x7763FA29+25]
RtlGetAppContainerNamedObjectPath [0x77E27A7E+286]
RtlGetAppContainerNamedObjectPath [0x77E27A4E+238]

at org.openqa.selenium.remote.W3CHandshakeResponse.lambda$errorHandler$0(W3CHandshakeResponse.java:62)
at org.openqa.selenium.remote.HandshakeResponse.lambda$getResponseFunction$0(HandshakeResponse.java:30)
at org.openqa.selenium.remote.ProtocolHandshake.lambda$createSession$0(ProtocolHandshake.java:126)
at java.util.stream.ReferencePipeline$3$1.accept(ReferencePipeline.java:193)
at java.util.Spliterators$ArraySpliterator.tryAdvance(Spliterators.java:958)
at java.util.stream.ReferencePipeline.forEachWithCancel(ReferencePipeline.java:126)
at java.util.stream.AbstractPipeline.copyIntoWithCancel(AbstractPipeline.java:499)
at java.util.stream.AbstractPipeline.copyInto(AbstractPipeline.java:486)
at java.util.stream.AbstractPipeline.wrapAndCopyInto(AbstractPipeline.java:472)
at java.util.stream.FindOps$FindOp.evaluateSequential(FindOps.java:152)
at java.util.stream.AbstractPipeline.evaluate(AbstractPipeline.java:234)
at java.util.stream.ReferencePipeline.findFirst(ReferencePipeline.java:464)
at org.openqa.selenium.remote.ProtocolHandshake.createSession(ProtocolHandshake.java:128)
at org.openqa.selenium.remote.ProtocolHandshake.createSession(ProtocolHandshake.java:74)
at org.openqa.selenium.remote.HttpCommandExecutor.execute(HttpCommandExecutor.java:136)
at org.openqa.selenium.remote.service.DriverCommandExecutor.execute(DriverCommandExecutor.java:83)
at org.openqa.selenium.remote.RemoteWebDriver.execute(RemoteWebDriver.java:552)
at org.openqa.selenium.remote.RemoteWebDriver.startSession(RemoteWebDriver.java:213)
at org.openqa.selenium.remote.RemoteWebDriver.<init>(RemoteWebDriver.java:131)
at org.openqa.selenium.chrome.ChromeDriver.<init>(ChromeDriver.java:181)
at org.openqa.selenium.chrome.ChromeDriver.<init>(ChromeDriver.java:168)
at org.openqa.selenium.chrome.ChromeDriver.<init>(ChromeDriver.java:123)
at com.inetbanking.testCases.BaseClass.setup(BaseClass.java:33)
at java.util.ArrayList.forEach(ArrayList.java:1259)
... Removed 32 stack frames]]>
    </failure>
  </testcase> <!-- @BeforeClass setup -->
  <testcase name="@AfterClass teardown" time="-1.651342178447E9" classname="com.inetbanking.testCases.BaseClass">
    <skipped/>
  </testcase> <!-- @AfterClass teardown -->
  <testcase name="@BeforeClass setup" time="74.213" classname="com.inetbanking.testCases.BaseClass">
    <failure type="org.openqa.selenium.WebDriverException" message="chrome not reachable
Build info: version: &amp;apos;3.141.59&amp;apos;, revision: &amp;apos;e82be7d358&amp;apos;, time: &amp;apos;2018-11-14T08:17:03&amp;apos;
System info: host: &amp;apos;DESKTOP-SOL10J7&amp;apos;, ip: &amp;apos;192.168.1.18&amp;apos;, os.name: &amp;apos;Windows 10&amp;apos;, os.arch: &amp;apos;amd64&amp;apos;, os.version: &amp;apos;10.0&amp;apos;, java.version: &amp;apos;1.8.0_311&amp;apos;
Driver info: driver.version: ChromeDriver
remote stacktrace: Backtrace:
	Ordinal0 [0x00897413+2389011]
	Ordinal0 [0x00829F61+1941345]
	Ordinal0 [0x0071C520+836896]
	Ordinal0 [0x007105AB+787883]
	Ordinal0 [0x0073C128+966952]
	Ordinal0 [0x0073837A+951162]
	Ordinal0 [0x00735C51+941137]
	Ordinal0 [0x00768C80+1150080]
	Ordinal0 [0x007688DA+1149146]
	Ordinal0 [0x00763F66+1130342]
	Ordinal0 [0x0073E546+976198]
	Ordinal0 [0x0073F456+980054]
	GetHandleVerifier [0x00A49632+1727522]
	GetHandleVerifier [0x00AFBA4D+2457661]
	GetHandleVerifier [0x0092EB81+569713]
	GetHandleVerifier [0x0092DD76+566118]
	Ordinal0 [0x00830B2B+1968939]
	Ordinal0 [0x00835988+1989000]
	Ordinal0 [0x00835A75+1989237]
	Ordinal0 [0x0083ECB1+2026673]
	BaseThreadInitThunk [0x7763FA29+25]
	RtlGetAppContainerNamedObjectPath [0x77E27A7E+286]
	RtlGetAppContainerNamedObjectPath [0x77E27A4E+238]
">
      <![CDATA[org.openqa.selenium.WebDriverException: chrome not reachable
Build info: version: '3.141.59', revision: 'e82be7d358', time: '2018-11-14T08:17:03'
System info: host: 'DESKTOP-SOL10J7', ip: '192.168.1.18', os.name: 'Windows 10', os.arch: 'amd64', os.version: '10.0', java.version: '1.8.0_311'
Driver info: driver.version: ChromeDriver
remote stacktrace: Backtrace:
Ordinal0 [0x00897413+2389011]
Ordinal0 [0x00829F61+1941345]
Ordinal0 [0x0071C520+836896]
Ordinal0 [0x007105AB+787883]
Ordinal0 [0x0073C128+966952]
Ordinal0 [0x0073837A+951162]
Ordinal0 [0x00735C51+941137]
Ordinal0 [0x00768C80+1150080]
Ordinal0 [0x007688DA+1149146]
Ordinal0 [0x00763F66+1130342]
Ordinal0 [0x0073E546+976198]
Ordinal0 [0x0073F456+980054]
GetHandleVerifier [0x00A49632+1727522]
GetHandleVerifier [0x00AFBA4D+2457661]
GetHandleVerifier [0x0092EB81+569713]
GetHandleVerifier [0x0092DD76+566118]
Ordinal0 [0x00830B2B+1968939]
Ordinal0 [0x00835988+1989000]
Ordinal0 [0x00835A75+1989237]
Ordinal0 [0x0083ECB1+2026673]
BaseThreadInitThunk [0x7763FA29+25]
RtlGetAppContainerNamedObjectPath [0x77E27A7E+286]
RtlGetAppContainerNamedObjectPath [0x77E27A4E+238]

at org.openqa.selenium.remote.W3CHandshakeResponse.lambda$errorHandler$0(W3CHandshakeResponse.java:62)
at org.openqa.selenium.remote.HandshakeResponse.lambda$getResponseFunction$0(HandshakeResponse.java:30)
at org.openqa.selenium.remote.ProtocolHandshake.lambda$createSession$0(ProtocolHandshake.java:126)
at java.util.stream.ReferencePipeline$3$1.accept(ReferencePipeline.java:193)
at java.util.Spliterators$ArraySpliterator.tryAdvance(Spliterators.java:958)
at java.util.stream.ReferencePipeline.forEachWithCancel(ReferencePipeline.java:126)
at java.util.stream.AbstractPipeline.copyIntoWithCancel(AbstractPipeline.java:499)
at java.util.stream.AbstractPipeline.copyInto(AbstractPipeline.java:486)
at java.util.stream.AbstractPipeline.wrapAndCopyInto(AbstractPipeline.java:472)
at java.util.stream.FindOps$FindOp.evaluateSequential(FindOps.java:152)
at java.util.stream.AbstractPipeline.evaluate(AbstractPipeline.java:234)
at java.util.stream.ReferencePipeline.findFirst(ReferencePipeline.java:464)
at org.openqa.selenium.remote.ProtocolHandshake.createSession(ProtocolHandshake.java:128)
at org.openqa.selenium.remote.ProtocolHandshake.createSession(ProtocolHandshake.java:74)
at org.openqa.selenium.remote.HttpCommandExecutor.execute(HttpCommandExecutor.java:136)
at org.openqa.selenium.remote.service.DriverCommandExecutor.execute(DriverCommandExecutor.java:83)
at org.openqa.selenium.remote.RemoteWebDriver.execute(RemoteWebDriver.java:552)
at org.openqa.selenium.remote.RemoteWebDriver.startSession(RemoteWebDriver.java:213)
at org.openqa.selenium.remote.RemoteWebDriver.<init>(RemoteWebDriver.java:131)
at org.openqa.selenium.chrome.ChromeDriver.<init>(ChromeDriver.java:181)
at org.openqa.selenium.chrome.ChromeDriver.<init>(ChromeDriver.java:168)
at org.openqa.selenium.chrome.ChromeDriver.<init>(ChromeDriver.java:123)
at com.inetbanking.testCases.BaseClass.setup(BaseClass.java:33)
at java.util.ArrayList.forEach(ArrayList.java:1259)
... Removed 32 stack frames]]>
    </failure>
  </testcase> <!-- @BeforeClass setup -->
  <testcase name="@AfterClass teardown" time="-1.651342252671E9" classname="com.inetbanking.testCases.BaseClass">
    <skipped/>
  </testcase> <!-- @AfterClass teardown -->
  <testcase name="LoginTest" time="0.0" classname="com.inetbanking.testCases.TC_Logintest_001">
    <skipped/>
  </testcase> <!-- LoginTest -->
  <testcase name="loginDDT" time="0.0" classname="com.inetbanking.testCases.TC_Logintest_002">
    <skipped/>
  </testcase> <!-- loginDDT -->
  <testcase name="loginDDT" time="0.0" classname="com.inetbanking.testCases.TC_Logintest_002">
    <skipped/>
  </testcase> <!-- loginDDT -->
  <testcase name="loginDDT" time="0.0" classname="com.inetbanking.testCases.TC_Logintest_002">
    <skipped/>
  </testcase> <!-- loginDDT -->
  <testcase name="loginDDT" time="0.0" classname="com.inetbanking.testCases.TC_Logintest_002">
    <skipped/>
  </testcase> <!-- loginDDT -->
  <testcase name="loginDDT" time="0.0" classname="com.inetbanking.testCases.TC_Logintest_002">
    <skipped/>
  </testcase> <!-- loginDDT -->
  <testcase name="addNewCustemer" time="0.0" classname="com.inetbanking.testCases.TC_AddCustemerTest_003">
    <skipped/>
  </testcase> <!-- addNewCustemer -->
</testsuite> <!-- BankingApp test -->
